2026-04-30 16:07:59,577 INFO device: cpu
2026-04-30 16:08:00,174 INFO train=35309, val=3924
2026-04-30 16:08:00,872 INFO HTTP Request: HEAD https://huggingface.co/bert-base-uncased/resolve/main/config.json "HTTP/1.1 200 OK"
2026-04-30 16:08:01,121 INFO HTTP Request: GET https://huggingface.co/bert-base-uncased/resolve/main/config.json "HTTP/1.1 200 OK"
2026-04-30 16:08:01,411 INFO HTTP Request: HEAD https://huggingface.co/bert-base-uncased/resolve/main/tokenizer_config.json "HTTP/1.1 200 OK"
2026-04-30 16:08:01,412 WARNING Warning: You are sending unauthenticated requests to the HF Hub. Please set a HF_TOKEN to enable higher rate limits and faster downloads.
2026-04-30 16:08:01,738 INFO HTTP Request: GET https://huggingface.co/bert-base-uncased/resolve/main/tokenizer_config.json "HTTP/1.1 200 OK"
2026-04-30 16:08:02,018 INFO HTTP Request: GET https://huggingface.co/api/models/bert-base-uncased/tree/main/additional_chat_templates?recursive=false&expand=false "HTTP/1.1 307 Temporary Redirect"
2026-04-30 16:08:02,441 INFO HTTP Request: GET https://huggingface.co/api/models/google-bert/bert-base-uncased/tree/main/additional_chat_templates?recursive=false&expand=false "HTTP/1.1 404 Not Found"
2026-04-30 16:08:02,839 INFO HTTP Request: GET https://huggingface.co/api/models/bert-base-uncased/tree/main?recursive=true&expand=false "HTTP/1.1 307 Temporary Redirect"
2026-04-30 16:08:03,127 INFO HTTP Request: GET https://huggingface.co/api/models/google-bert/bert-base-uncased/tree/main?recursive=true&expand=false "HTTP/1.1 200 OK"
2026-04-30 16:08:03,723 INFO HTTP Request: HEAD https://huggingface.co/bert-base-uncased/resolve/main/vocab.txt "HTTP/1.1 200 OK"
2026-04-30 16:08:03,980 INFO HTTP Request: GET https://huggingface.co/bert-base-uncased/resolve/main/vocab.txt "HTTP/1.1 200 OK"
2026-04-30 16:08:04,906 INFO HTTP Request: HEAD https://huggingface.co/bert-base-uncased/resolve/main/tokenizer.json "HTTP/1.1 200 OK"
2026-04-30 16:08:05,173 INFO HTTP Request: GET https://huggingface.co/bert-base-uncased/resolve/main/tokenizer.json "HTTP/1.1 200 OK"
2026-04-30 16:08:05,953 INFO HTTP Request: HEAD https://huggingface.co/bert-base-uncased/resolve/main/added_tokens.json "HTTP/1.1 404 Not Found"
2026-04-30 16:08:06,219 INFO HTTP Request: HEAD https://huggingface.co/bert-base-uncased/resolve/main/special_tokens_map.json "HTTP/1.1 404 Not Found"
2026-04-30 16:08:06,645 INFO HTTP Request: HEAD https://huggingface.co/bert-base-uncased/resolve/main/chat_template.jinja "HTTP/1.1 404 Not Found"
2026-04-30 16:08:08,060 INFO HTTP Request: HEAD https://huggingface.co/bert-base-uncased/resolve/main/config.json "HTTP/1.1 200 OK"
2026-04-30 16:08:08,728 INFO HTTP Request: HEAD https://huggingface.co/bert-base-uncased/resolve/main/model.safetensors "HTTP/1.1 302 Found"
2026-04-30 16:08:09,199 INFO HTTP Request: GET https://huggingface.co/api/models/google-bert/bert-base-uncased/xet-read-token/86b5e0934494bd15c9632b12f734a8a67f723594 "HTTP/1.1 200 OK"
